Microsoft (R) Macro Assembler Version 14.29.30133.0	    09/22/21 21:07:09
second.asm						     Page 1 - 1


				; second.asm
				include print.inc
			      C .686P			; Pentium Pro
			      C .model flat, stdcall	; flat segment model, standard call(windows API)
			      C .stack 4096		; 4KB stack
			      C 
			      C ; prototype declaration
			      C ExitProcess proto,dwExitCode:dword	; exit 
			      C 
			      C DumpRegs proto		; print registers
			      C DumpMem proto		; print memory area
			      C WriteHex PROTO		; write hexadecimal integer to output
			      C WriteHexB PROTO		; write hexadecimal integer in byte, word or doubleword format
			      C WriteString PROTO	; write null-terminated string to output
			      C Crlf PROTO		; output carriage-return / linefeed
			      C 
 00000000			.data
 00000000 00000000		sum dword 0
 00000000			.code
 00000000			main proc
 00000000  B8 00000005			mov eax, 5 ; eax = 5
 00000005  83 C0 06			add eax, 6 ; eax = eax + 6
 00000008  A3 00000000 R		mov sum, eax ; sum = eax
				;	call DumpRegs ; display registers
 0000000D  BE 00000000 R		mov esi, offset sum ; start address
 00000012  B9 00000001			mov ecx, 1 ; number of units
 00000017  BB 00000004			mov ebx, 4 ; unit size (B)
 0000001C  E8 00000000 E		call DumpMem 
 00000021  B8 00000000			mov eax, 0 ; exit 0
 00000026  E8 00000000 E		call ExitProcess
 0000002B			main endp
				end main
Microsoft (R) Macro Assembler Version 14.29.30133.0	    09/22/21 21:07:09
second.asm						     Symbols 2 - 1




Segments and Groups:

                N a m e                 Size     Length   Align   Combine Class

FLAT . . . . . . . . . . . . . .	GROUP
STACK  . . . . . . . . . . . . .	32 Bit	 00001000 Para	  Stack	  'STACK'	 
_DATA  . . . . . . . . . . . . .	32 Bit	 00000004 Para	  Public  'DATA'	
_TEXT  . . . . . . . . . . . . .	32 Bit	 0000002B Para	  Public  'CODE'	


Procedures, parameters, and locals:

                N a m e                 Type     Value    Attr

Crlf . . . . . . . . . . . . . .	P Near	 00000000 FLAT	Length= 00000000 External STDCALL
DumpMem  . . . . . . . . . . . .	P Near	 00000000 FLAT	Length= 00000000 External STDCALL
DumpRegs . . . . . . . . . . . .	P Near	 00000000 FLAT	Length= 00000000 External STDCALL
ExitProcess  . . . . . . . . . .	P Near	 00000000 FLAT	Length= 00000000 External STDCALL
WriteHexB  . . . . . . . . . . .	P Near	 00000000 FLAT	Length= 00000000 External STDCALL
WriteHex . . . . . . . . . . . .	P Near	 00000000 FLAT	Length= 00000000 External STDCALL
WriteString  . . . . . . . . . .	P Near	 00000000 FLAT	Length= 00000000 External STDCALL
main . . . . . . . . . . . . . .	P Near	 00000000 _TEXT	Length= 0000002B Public STDCALL


Symbols:

                N a m e                 Type     Value    Attr

@CodeSize  . . . . . . . . . . .	Number	 00000000h   
@DataSize  . . . . . . . . . . .	Number	 00000000h   
@Interface . . . . . . . . . . .	Number	 00000003h   
@Model . . . . . . . . . . . . .	Number	 00000007h   
@code  . . . . . . . . . . . . .	Text   	 _TEXT
@data  . . . . . . . . . . . . .	Text   	 FLAT
@fardata?  . . . . . . . . . . .	Text   	 FLAT
@fardata . . . . . . . . . . . .	Text   	 FLAT
@stack . . . . . . . . . . . . .	Text   	 FLAT
sum  . . . . . . . . . . . . . .	DWord	 00000000 _DATA	

	   0 Warnings
	   0 Errors
